2024-08-24 09:58:34,728 [INFO] com.bishnah.springrestdemo.SpringRestDemoApplication {main} Starting SpringRestDemoApplication using Java 22.0.2 with PID 39751 (/home/keshavjrall/Spring Boot/SpringRestDemo/target/classes started by keshavjrall in /home/keshavjrall/Spring Boot)
2024-08-24 09:58:34,736 [DEBUG] com.bishnah.springrestdemo.SpringRestDemoApplication {main} Running with Spring Boot v3.3.2, Spring v6.1.11
2024-08-24 09:58:34,737 [INFO] com.bishnah.springrestdemo.SpringRestDemoApplication {main} No active profile set, falling back to 1 default profile: "default"
2024-08-24 09:58:36,351 [INFO] org.springframework.data.repository.config.RepositoryConfigurationDelegate {main} Bootstrapping Spring Data JPA repositories in DEFAULT mode.
2024-08-24 09:58:36,450 [INFO] org.springframework.data.repository.config.RepositoryConfigurationDelegate {main} Finished Spring Data repository scanning in 87 ms. Found 3 JPA repository interfaces.
2024-08-24 09:58:37,229 [INFO] org.springframework.boot.web.embedded.tomcat.TomcatWebServer {main} Tomcat initialized with port 8080 (http)
2024-08-24 09:58:37,238 [INFO] org.apache.catalina.core.StandardService {main} Starting service [Tomcat]
2024-08-24 09:58:37,239 [INFO] org.apache.catalina.core.StandardEngine {main} Starting Servlet engine: [Apache Tomcat/10.1.26]
2024-08-24 09:58:37,275 [INFO] org.apache.catalina.core.ContainerBase.[Tomcat].[localhost].[/] {main} Initializing Spring embedded WebApplicationContext
2024-08-24 09:58:37,275 [INFO] org.springframework.boot.web.servlet.context.ServletWebServerApplicationContext {main} Root WebApplicationContext: initialization completed in 2493 ms
2024-08-24 09:58:37,385 [INFO] com.zaxxer.hikari.HikariDataSource {main} HikariPool-1 - Starting...
2024-08-24 09:58:37,583 [INFO] com.zaxxer.hikari.pool.HikariPool {main} HikariPool-1 - Added connection conn0: url=jdbc:h2:file:./db/blogdb user=ADMIN
2024-08-24 09:58:37,585 [INFO] com.zaxxer.hikari.HikariDataSource {main} HikariPool-1 - Start completed.
2024-08-24 09:58:37,593 [INFO] org.springframework.boot.autoconfigure.h2.H2ConsoleAutoConfiguration {main} H2 console available at '/db-console'. Database available at 'jdbc:h2:file:./db/blogdb'
2024-08-24 09:58:37,760 [INFO] org.hibernate.jpa.internal.util.LogHelper {main} HHH000204: Processing PersistenceUnitInfo [name: default]
2024-08-24 09:58:37,819 [INFO] org.hibernate.Version {main} HHH000412: Hibernate ORM core version 6.5.2.Final
2024-08-24 09:58:37,870 [INFO] org.hibernate.cache.internal.RegionFactoryInitiator {main} HHH000026: Second-level cache disabled
2024-08-24 09:58:38,160 [INFO] org.springframework.orm.jpa.persistenceunit.SpringPersistenceUnitInfo {main} No LoadTimeWeaver setup: ignoring JPA class transformer
2024-08-24 09:58:39,017 [INFO] org.hibernate.engine.transaction.jta.platform.internal.JtaPlatformInitiator {main} HHH000489: No JTA platform available (set 'hibernate.transaction.jta.platform' to enable JTA platform integration)
2024-08-24 09:58:39,055 [INFO] org.springframework.orm.jpa.LocalContainerEntityManagerFactoryBean {main} Initialized JPA EntityManagerFactory for persistence unit 'default'
2024-08-24 09:58:40,153 [INFO] org.springframework.security.config.annotation.authentication.configuration.InitializeUserDetailsBeanManagerConfigurer$InitializeUserDetailsManagerConfigurer {main} Global AuthenticationManager configured with UserDetailsService bean with name accountService
2024-08-24 09:58:40,636 [INFO] org.springframework.boot.actuate.endpoint.web.EndpointLinksResolver {main} Exposing 1 endpoint beneath base path '/actuator'
2024-08-24 09:58:41,348 [INFO] org.springframework.boot.web.embedded.tomcat.TomcatWebServer {main} Tomcat started on port 8080 (http) with context path '/'
2024-08-24 09:58:41,360 [INFO] com.bishnah.springrestdemo.SpringRestDemoApplication {main} Started SpringRestDemoApplication in 7.036 seconds (process running for 7.937)
2024-08-24 09:58:42,125 [INFO] org.apache.catalina.core.ContainerBase.[Tomcat].[localhost].[/] {RMI TCP Connection(1)-192.168.1.22} Initializing Spring DispatcherServlet 'dispatcherServlet'
2024-08-24 09:58:42,126 [INFO] org.springframework.web.servlet.DispatcherServlet {RMI TCP Connection(1)-192.168.1.22} Initializing Servlet 'dispatcherServlet'
2024-08-24 09:58:42,127 [INFO] org.springframework.web.servlet.DispatcherServlet {RMI TCP Connection(1)-192.168.1.22} Completed initialization in 1 ms
2024-08-24 10:00:18,564 [DEBUG] com.bishnah.springrestdemo.controller.AuthController {http-nio-8080-exec-2} TOKEN_GENERATION_ERROR Bad credentials
2024-08-24 10:00:42,398 [WARN] org.springframework.web.servlet.mvc.support.DefaultHandlerExceptionResolver {http-nio-8080-exec-5} Resolved [org.springframework.web.bind.MethodArgumentNotValidException: Validation failed for argument [0] in public org.springframework.http.ResponseEntity<com.bishnah.springrestdemo.payload.auth.album.AlbumViewDTO> com.bishnah.springrestdemo.controller.AlbumController.addAlbum(com.bishnah.springrestdemo.payload.auth.album.AlbumPayloadDTO,org.springframework.security.core.Authentication): [Field error in object 'albumPayloadDTO' on field 'title': rejected value [null]; codes [NotBlank.albumPayloadDTO.title,NotBlank.title,NotBlank.java.lang.String,NotBlank]; arguments [org.springframework.context.support.DefaultMessageSourceResolvable: codes [albumPayloadDTO.title,title]; arguments []; default message [title]]; default message [must not be blank]] ]
2024-08-24 10:08:30,264 [WARN] org.springframework.web.servlet.mvc.support.DefaultHandlerExceptionResolver {http-nio-8080-exec-6} Resolved [org.springframework.web.bind.MethodArgumentNotValidException: Validation failed for argument [0] in public org.springframework.http.ResponseEntity<com.bishnah.springrestdemo.payload.auth.album.AlbumViewDTO> com.bishnah.springrestdemo.controller.AlbumController.addAlbum(com.bishnah.springrestdemo.payload.auth.album.AlbumPayloadDTO,org.springframework.security.core.Authentication): [Field error in object 'albumPayloadDTO' on field 'title': rejected value [null]; codes [NotBlank.albumPayloadDTO.title,NotBlank.title,NotBlank.java.lang.String,NotBlank]; arguments [org.springframework.context.support.DefaultMessageSourceResolvable: codes [albumPayloadDTO.title,title]; arguments []; default message [title]]; default message [must not be blank]] ]
2024-08-24 10:28:51,265 [INFO] org.springdoc.api.AbstractOpenApiResource {http-nio-8080-exec-4} Init duration for springdoc-openapi is: 272 ms
2024-08-24 19:10:33,815 [INFO] org.springframework.orm.jpa.LocalContainerEntityManagerFactoryBean {SpringApplicationShutdownHook} Closing JPA EntityManagerFactory for persistence unit 'default'
2024-08-24 19:10:33,824 [INFO] com.zaxxer.hikari.HikariDataSource {SpringApplicationShutdownHook} HikariPool-1 - Shutdown initiated...
2024-08-24 19:10:33,833 [INFO] com.zaxxer.hikari.HikariDataSource {SpringApplicationShutdownHook} HikariPool-1 - Shutdown completed.
