2024-08-09 01:14:02,850 [INFO] org.springframework.orm.jpa.LocalContainerEntityManagerFactoryBean {SpringApplicationShutdownHook} Closing JPA EntityManagerFactory for persistence unit 'default'
2024-08-09 01:14:02,880 [INFO] com.zaxxer.hikari.HikariDataSource {SpringApplicationShutdownHook} HikariPool-1 - Shutdown initiated...
2024-08-09 01:14:02,887 [INFO] com.zaxxer.hikari.HikariDataSource {SpringApplicationShutdownHook} HikariPool-1 - Shutdown completed.
2024-08-09 01:17:46,100 [INFO] com.bishnah.springrestdemo.SpringRestDemoApplication {main} Starting SpringRestDemoApplication using Java 22.0.2 with PID 60218 (/home/keshavjrall/Spring Boot/SpringRestDemo/target/classes started by keshavjrall in /home/keshavjrall/Spring Boot/SpringRestDemo)
2024-08-09 01:17:46,101 [DEBUG] com.bishnah.springrestdemo.SpringRestDemoApplication {main} Running with Spring Boot v3.3.2, Spring v6.1.11
2024-08-09 01:17:46,101 [INFO] com.bishnah.springrestdemo.SpringRestDemoApplication {main} No active profile set, falling back to 1 default profile: "default"
2024-08-09 01:17:47,126 [INFO] org.springframework.data.repository.config.RepositoryConfigurationDelegate {main} Bootstrapping Spring Data JPA repositories in DEFAULT mode.
2024-08-09 01:17:47,182 [INFO] org.springframework.data.repository.config.RepositoryConfigurationDelegate {main} Finished Spring Data repository scanning in 49 ms. Found 3 JPA repository interfaces.
2024-08-09 01:17:47,841 [INFO] org.springframework.boot.web.embedded.tomcat.TomcatWebServer {main} Tomcat initialized with port 8080 (http)
2024-08-09 01:17:47,850 [INFO] org.apache.catalina.core.StandardService {main} Starting service [Tomcat]
2024-08-09 01:17:47,850 [INFO] org.apache.catalina.core.StandardEngine {main} Starting Servlet engine: [Apache Tomcat/10.1.26]
2024-08-09 01:17:47,887 [INFO] org.apache.catalina.core.ContainerBase.[Tomcat].[localhost].[/] {main} Initializing Spring embedded WebApplicationContext
2024-08-09 01:17:47,887 [INFO] org.springframework.boot.web.servlet.context.ServletWebServerApplicationContext {main} Root WebApplicationContext: initialization completed in 1719 ms
2024-08-09 01:17:47,999 [INFO] com.zaxxer.hikari.HikariDataSource {main} HikariPool-1 - Starting...
2024-08-09 01:17:48,217 [INFO] com.zaxxer.hikari.pool.HikariPool {main} HikariPool-1 - Added connection conn0: url=jdbc:h2:file:./db/blogdb user=ADMIN
2024-08-09 01:17:48,218 [INFO] com.zaxxer.hikari.HikariDataSource {main} HikariPool-1 - Start completed.
2024-08-09 01:17:48,227 [INFO] org.springframework.boot.autoconfigure.h2.H2ConsoleAutoConfiguration {main} H2 console available at '/db-console'. Database available at 'jdbc:h2:file:./db/blogdb'
2024-08-09 01:17:48,400 [INFO] org.hibernate.jpa.internal.util.LogHelper {main} HHH000204: Processing PersistenceUnitInfo [name: default]
2024-08-09 01:17:48,446 [INFO] org.hibernate.Version {main} HHH000412: Hibernate ORM core version 6.5.2.Final
2024-08-09 01:17:48,474 [INFO] org.hibernate.cache.internal.RegionFactoryInitiator {main} HHH000026: Second-level cache disabled
2024-08-09 01:17:48,699 [INFO] org.springframework.orm.jpa.persistenceunit.SpringPersistenceUnitInfo {main} No LoadTimeWeaver setup: ignoring JPA class transformer
2024-08-09 01:17:49,614 [INFO] org.hibernate.engine.transaction.jta.platform.internal.JtaPlatformInitiator {main} HHH000489: No JTA platform available (set 'hibernate.transaction.jta.platform' to enable JTA platform integration)
2024-08-09 01:17:49,668 [INFO] org.springframework.orm.jpa.LocalContainerEntityManagerFactoryBean {main} Initialized JPA EntityManagerFactory for persistence unit 'default'
2024-08-09 01:17:50,470 [INFO] org.springframework.security.config.annotation.authentication.configuration.InitializeUserDetailsBeanManagerConfigurer$InitializeUserDetailsManagerConfigurer {main} Global AuthenticationManager configured with UserDetailsService bean with name accountService
2024-08-09 01:17:50,893 [INFO] org.springframework.boot.actuate.endpoint.web.EndpointLinksResolver {main} Exposing 1 endpoint beneath base path '/actuator'
2024-08-09 01:17:51,524 [INFO] org.springframework.boot.web.embedded.tomcat.TomcatWebServer {main} Tomcat started on port 8080 (http) with context path '/'
2024-08-09 01:17:51,536 [INFO] com.bishnah.springrestdemo.SpringRestDemoApplication {main} Started SpringRestDemoApplication in 5.832 seconds (process running for 6.41)
2024-08-09 01:17:52,143 [INFO] org.apache.catalina.core.ContainerBase.[Tomcat].[localhost].[/] {RMI TCP Connection(2)-192.168.1.22} Initializing Spring DispatcherServlet 'dispatcherServlet'
2024-08-09 01:17:52,143 [INFO] org.springframework.web.servlet.DispatcherServlet {RMI TCP Connection(2)-192.168.1.22} Initializing Servlet 'dispatcherServlet'
2024-08-09 01:17:52,148 [INFO] org.springframework.web.servlet.DispatcherServlet {RMI TCP Connection(2)-192.168.1.22} Completed initialization in 5 ms
2024-08-09 01:17:57,262 [INFO] org.springdoc.api.AbstractOpenApiResource {http-nio-8080-exec-9} Init duration for springdoc-openapi is: 312 ms
2024-08-09 01:59:47,107 [INFO] com.bishnah.springrestdemo.SpringRestDemoApplication {main} Starting SpringRestDemoApplication using Java 22.0.2 with PID 71333 (/home/keshavjrall/Spring Boot/SpringRestDemo/target/classes started by keshavjrall in /home/keshavjrall/Spring Boot/SpringRestDemo)
2024-08-09 01:59:47,109 [DEBUG] com.bishnah.springrestdemo.SpringRestDemoApplication {main} Running with Spring Boot v3.3.2, Spring v6.1.11
2024-08-09 01:59:47,112 [INFO] com.bishnah.springrestdemo.SpringRestDemoApplication {main} No active profile set, falling back to 1 default profile: "default"
2024-08-09 01:59:49,085 [INFO] org.springframework.data.repository.config.RepositoryConfigurationDelegate {main} Bootstrapping Spring Data JPA repositories in DEFAULT mode.
2024-08-09 01:59:49,103 [INFO] org.springframework.data.repository.config.RepositoryConfigurationDelegate {main} Finished Spring Data repository scanning in 10 ms. Found 0 JPA repository interfaces.
2024-08-09 01:59:49,242 [WARN] org.springframework.boot.web.servlet.context.AnnotationConfigServletWebServerApplicationContext {main} Exception encountered during context initialization - cancelling refresh attempt: java.lang.IllegalStateException: Cannot load configuration class: com.bishnah.springrestdemo.config.SwaggerConfig
2024-08-09 01:59:49,257 [INFO] org.springframework.boot.autoconfigure.logging.ConditionEvaluationReportLogger {main} 

Error starting ApplicationContext. To display the condition evaluation report re-run your application with 'debug' enabled.
2024-08-09 01:59:49,274 [ERROR] org.springframework.boot.SpringApplication {main} Application run failed
java.lang.IllegalStateException: Cannot load configuration class: com.bishnah.springrestdemo.config.SwaggerConfig
	at org.springframework.context.annotation.ConfigurationClassPostProcessor.enhanceConfigurationClasses(ConfigurationClassPostProcessor.java:502)
	at org.springframework.context.annotation.ConfigurationClassPostProcessor.postProcessBeanFactory(ConfigurationClassPostProcessor.java:311)
	at org.springframework.context.support.PostProcessorRegistrationDelegate.invokeBeanFactoryPostProcessors(PostProcessorRegistrationDelegate.java:363)
	at org.springframework.context.support.PostProcessorRegistrationDelegate.invokeBeanFactoryPostProcessors(PostProcessorRegistrationDelegate.java:153)
	at org.springframework.context.support.AbstractApplicationContext.invokeBeanFactoryPostProcessors(AbstractApplicationContext.java:789)
	at org.springframework.context.support.AbstractApplicationContext.refresh(AbstractApplicationContext.java:607)
	at org.springframework.boot.web.servlet.context.ServletWebServerApplicationContext.refresh(ServletWebServerApplicationContext.java:146)
	at org.springframework.boot.SpringApplication.refresh(SpringApplication.java:754)
	at org.springframework.boot.SpringApplication.refreshContext(SpringApplication.java:456)
	at org.springframework.boot.SpringApplication.run(SpringApplication.java:335)
	at org.springframework.boot.SpringApplication.run(SpringApplication.java:1363)
	at org.springframework.boot.SpringApplication.run(SpringApplication.java:1352)
	at com.bishnah.springrestdemo.SpringRestDemoApplication.main(SpringRestDemoApplication.java:16)
Caused by: java.lang.ClassNotFoundException: com.bishnah.springrestdemo.config.SwaggerConfig
	at java.base/jdk.internal.loader.BuiltinClassLoader.loadClass(BuiltinClassLoader.java:641)
	at java.base/jdk.internal.loader.ClassLoaders$AppClassLoader.loadClass(ClassLoaders.java:188)
	at java.base/java.lang.ClassLoader.loadClass(ClassLoader.java:525)
	at java.base/java.lang.Class.forName0(Native Method)
	at java.base/java.lang.Class.forName(Class.java:529)
	at java.base/java.lang.Class.forName(Class.java:508)
	at org.springframework.util.ClassUtils.forName(ClassUtils.java:304)
	at org.springframework.beans.factory.support.AbstractBeanDefinition.resolveBeanClass(AbstractBeanDefinition.java:489)
	at org.springframework.context.annotation.ConfigurationClassPostProcessor.enhanceConfigurationClasses(ConfigurationClassPostProcessor.java:498)
	... 12 common frames omitted
2024-08-09 02:00:04,168 [INFO] com.bishnah.springrestdemo.SpringRestDemoApplication {main} Starting SpringRestDemoApplication using Java 22.0.2 with PID 71517 (/home/keshavjrall/Spring Boot/SpringRestDemo/target/classes started by keshavjrall in /home/keshavjrall/Spring Boot/SpringRestDemo)
2024-08-09 02:00:04,169 [DEBUG] com.bishnah.springrestdemo.SpringRestDemoApplication {main} Running with Spring Boot v3.3.2, Spring v6.1.11
2024-08-09 02:00:04,170 [INFO] com.bishnah.springrestdemo.SpringRestDemoApplication {main} No active profile set, falling back to 1 default profile: "default"
2024-08-09 02:00:05,294 [INFO] org.springframework.data.repository.config.RepositoryConfigurationDelegate {main} Bootstrapping Spring Data JPA repositories in DEFAULT mode.
2024-08-09 02:00:05,348 [INFO] org.springframework.data.repository.config.RepositoryConfigurationDelegate {main} Finished Spring Data repository scanning in 47 ms. Found 3 JPA repository interfaces.
2024-08-09 02:00:06,039 [INFO] org.springframework.boot.web.embedded.tomcat.TomcatWebServer {main} Tomcat initialized with port 8080 (http)
2024-08-09 02:00:06,052 [INFO] org.apache.catalina.core.StandardService {main} Starting service [Tomcat]
2024-08-09 02:00:06,053 [INFO] org.apache.catalina.core.StandardEngine {main} Starting Servlet engine: [Apache Tomcat/10.1.26]
2024-08-09 02:00:06,116 [INFO] org.apache.catalina.core.ContainerBase.[Tomcat].[localhost].[/] {main} Initializing Spring embedded WebApplicationContext
2024-08-09 02:00:06,117 [INFO] org.springframework.boot.web.servlet.context.ServletWebServerApplicationContext {main} Root WebApplicationContext: initialization completed in 1880 ms
2024-08-09 02:00:06,285 [INFO] com.zaxxer.hikari.HikariDataSource {main} HikariPool-1 - Starting...
2024-08-09 02:00:06,526 [INFO] com.zaxxer.hikari.pool.HikariPool {main} HikariPool-1 - Added connection conn0: url=jdbc:h2:file:./db/blogdb user=ADMIN
2024-08-09 02:00:06,528 [INFO] com.zaxxer.hikari.HikariDataSource {main} HikariPool-1 - Start completed.
2024-08-09 02:00:06,539 [INFO] org.springframework.boot.autoconfigure.h2.H2ConsoleAutoConfiguration {main} H2 console available at '/db-console'. Database available at 'jdbc:h2:file:./db/blogdb'
2024-08-09 02:00:06,733 [INFO] org.hibernate.jpa.internal.util.LogHelper {main} HHH000204: Processing PersistenceUnitInfo [name: default]
2024-08-09 02:00:06,797 [INFO] org.hibernate.Version {main} HHH000412: Hibernate ORM core version 6.5.2.Final
2024-08-09 02:00:06,827 [INFO] org.hibernate.cache.internal.RegionFactoryInitiator {main} HHH000026: Second-level cache disabled
2024-08-09 02:00:07,115 [INFO] org.springframework.orm.jpa.persistenceunit.SpringPersistenceUnitInfo {main} No LoadTimeWeaver setup: ignoring JPA class transformer
2024-08-09 02:00:08,048 [INFO] org.hibernate.engine.transaction.jta.platform.internal.JtaPlatformInitiator {main} HHH000489: No JTA platform available (set 'hibernate.transaction.jta.platform' to enable JTA platform integration)
2024-08-09 02:00:08,121 [INFO] org.springframework.orm.jpa.LocalContainerEntityManagerFactoryBean {main} Initialized JPA EntityManagerFactory for persistence unit 'default'
2024-08-09 02:00:09,312 [INFO] org.springframework.security.config.annotation.authentication.configuration.InitializeUserDetailsBeanManagerConfigurer$InitializeUserDetailsManagerConfigurer {main} Global AuthenticationManager configured with UserDetailsService bean with name accountService
2024-08-09 02:00:09,727 [INFO] org.springframework.boot.actuate.endpoint.web.EndpointLinksResolver {main} Exposing 1 endpoint beneath base path '/actuator'
2024-08-09 02:00:10,385 [INFO] org.springframework.boot.web.embedded.tomcat.TomcatWebServer {main} Tomcat started on port 8080 (http) with context path '/'
2024-08-09 02:00:10,403 [INFO] com.bishnah.springrestdemo.SpringRestDemoApplication {main} Started SpringRestDemoApplication in 6.713 seconds (process running for 7.724)
2024-08-09 02:00:11,082 [INFO] org.apache.catalina.core.ContainerBase.[Tomcat].[localhost].[/] {RMI TCP Connection(3)-192.168.253.100} Initializing Spring DispatcherServlet 'dispatcherServlet'
2024-08-09 02:00:11,083 [INFO] org.springframework.web.servlet.DispatcherServlet {RMI TCP Connection(3)-192.168.253.100} Initializing Servlet 'dispatcherServlet'
2024-08-09 02:00:11,086 [INFO] org.springframework.web.servlet.DispatcherServlet {RMI TCP Connection(3)-192.168.253.100} Completed initialization in 3 ms
2024-08-09 02:00:27,069 [INFO] org.springframework.orm.jpa.LocalContainerEntityManagerFactoryBean {SpringApplicationShutdownHook} Closing JPA EntityManagerFactory for persistence unit 'default'
2024-08-09 02:00:27,073 [INFO] com.zaxxer.hikari.HikariDataSource {SpringApplicationShutdownHook} HikariPool-1 - Shutdown initiated...
2024-08-09 02:00:27,076 [INFO] com.zaxxer.hikari.HikariDataSource {SpringApplicationShutdownHook} HikariPool-1 - Shutdown completed.
2024-08-09 02:00:30,131 [INFO] com.bishnah.springrestdemo.SpringRestDemoApplication {main} Starting SpringRestDemoApplication using Java 22.0.2 with PID 71709 (/home/keshavjrall/Spring Boot/SpringRestDemo/target/classes started by keshavjrall in /home/keshavjrall/Spring Boot/SpringRestDemo)
2024-08-09 02:00:30,132 [DEBUG] com.bishnah.springrestdemo.SpringRestDemoApplication {main} Running with Spring Boot v3.3.2, Spring v6.1.11
2024-08-09 02:00:30,134 [INFO] com.bishnah.springrestdemo.SpringRestDemoApplication {main} No active profile set, falling back to 1 default profile: "default"
2024-08-09 02:00:31,076 [INFO] org.springframework.data.repository.config.RepositoryConfigurationDelegate {main} Bootstrapping Spring Data JPA repositories in DEFAULT mode.
2024-08-09 02:00:31,131 [INFO] org.springframework.data.repository.config.RepositoryConfigurationDelegate {main} Finished Spring Data repository scanning in 47 ms. Found 3 JPA repository interfaces.
2024-08-09 02:00:31,805 [INFO] org.springframework.boot.web.embedded.tomcat.TomcatWebServer {main} Tomcat initialized with port 8080 (http)
2024-08-09 02:00:31,815 [INFO] org.apache.catalina.core.StandardService {main} Starting service [Tomcat]
2024-08-09 02:00:31,816 [INFO] org.apache.catalina.core.StandardEngine {main} Starting Servlet engine: [Apache Tomcat/10.1.26]
2024-08-09 02:00:31,853 [INFO] org.apache.catalina.core.ContainerBase.[Tomcat].[localhost].[/] {main} Initializing Spring embedded WebApplicationContext
2024-08-09 02:00:31,854 [INFO] org.springframework.boot.web.servlet.context.ServletWebServerApplicationContext {main} Root WebApplicationContext: initialization completed in 1672 ms
2024-08-09 02:00:31,961 [INFO] com.zaxxer.hikari.HikariDataSource {main} HikariPool-1 - Starting...
2024-08-09 02:00:32,151 [INFO] com.zaxxer.hikari.pool.HikariPool {main} HikariPool-1 - Added connection conn0: url=jdbc:h2:file:./db/blogdb user=ADMIN
2024-08-09 02:00:32,152 [INFO] com.zaxxer.hikari.HikariDataSource {main} HikariPool-1 - Start completed.
2024-08-09 02:00:32,161 [INFO] org.springframework.boot.autoconfigure.h2.H2ConsoleAutoConfiguration {main} H2 console available at '/db-console'. Database available at 'jdbc:h2:file:./db/blogdb'
2024-08-09 02:00:32,319 [INFO] org.hibernate.jpa.internal.util.LogHelper {main} HHH000204: Processing PersistenceUnitInfo [name: default]
2024-08-09 02:00:32,363 [INFO] org.hibernate.Version {main} HHH000412: Hibernate ORM core version 6.5.2.Final
2024-08-09 02:00:32,400 [INFO] org.hibernate.cache.internal.RegionFactoryInitiator {main} HHH000026: Second-level cache disabled
2024-08-09 02:00:32,618 [INFO] org.springframework.orm.jpa.persistenceunit.SpringPersistenceUnitInfo {main} No LoadTimeWeaver setup: ignoring JPA class transformer
2024-08-09 02:00:33,372 [INFO] org.hibernate.engine.transaction.jta.platform.internal.JtaPlatformInitiator {main} HHH000489: No JTA platform available (set 'hibernate.transaction.jta.platform' to enable JTA platform integration)
2024-08-09 02:00:33,415 [INFO] org.springframework.orm.jpa.LocalContainerEntityManagerFactoryBean {main} Initialized JPA EntityManagerFactory for persistence unit 'default'
2024-08-09 02:00:34,375 [INFO] org.springframework.security.config.annotation.authentication.configuration.InitializeUserDetailsBeanManagerConfigurer$InitializeUserDetailsManagerConfigurer {main} Global AuthenticationManager configured with UserDetailsService bean with name accountService
2024-08-09 02:00:34,767 [INFO] org.springframework.boot.actuate.endpoint.web.EndpointLinksResolver {main} Exposing 1 endpoint beneath base path '/actuator'
2024-08-09 02:00:35,312 [INFO] org.springframework.boot.web.embedded.tomcat.TomcatWebServer {main} Tomcat started on port 8080 (http) with context path '/'
2024-08-09 02:00:35,325 [INFO] com.bishnah.springrestdemo.SpringRestDemoApplication {main} Started SpringRestDemoApplication in 5.558 seconds (process running for 6.06)
2024-08-09 02:00:36,163 [INFO] org.apache.catalina.core.ContainerBase.[Tomcat].[localhost].[/] {RMI TCP Connection(3)-192.168.253.100} Initializing Spring DispatcherServlet 'dispatcherServlet'
2024-08-09 02:00:36,163 [INFO] org.springframework.web.servlet.DispatcherServlet {RMI TCP Connection(3)-192.168.253.100} Initializing Servlet 'dispatcherServlet'
2024-08-09 02:00:36,167 [INFO] org.springframework.web.servlet.DispatcherServlet {RMI TCP Connection(3)-192.168.253.100} Completed initialization in 3 ms
2024-08-09 02:01:15,475 [INFO] org.springdoc.api.AbstractOpenApiResource {http-nio-8080-exec-10} Init duration for springdoc-openapi is: 259 ms
2024-08-09 02:01:22,759 [INFO] org.springframework.orm.jpa.LocalContainerEntityManagerFactoryBean {SpringApplicationShutdownHook} Closing JPA EntityManagerFactory for persistence unit 'default'
2024-08-09 02:01:22,763 [INFO] com.zaxxer.hikari.HikariDataSource {SpringApplicationShutdownHook} HikariPool-1 - Shutdown initiated...
2024-08-09 02:01:22,769 [INFO] com.zaxxer.hikari.HikariDataSource {SpringApplicationShutdownHook} HikariPool-1 - Shutdown completed.
2024-08-09 02:15:49,361 [INFO] com.bishnah.springrestdemo.SpringRestDemoApplication {main} Starting SpringRestDemoApplication using Java 22.0.2 with PID 74707 (/home/keshavjrall/Spring Boot/SpringRestDemo/target/classes started by keshavjrall in /home/keshavjrall/Spring Boot/SpringRestDemo)
2024-08-09 02:15:49,362 [DEBUG] com.bishnah.springrestdemo.SpringRestDemoApplication {main} Running with Spring Boot v3.3.2, Spring v6.1.11
2024-08-09 02:15:49,363 [INFO] com.bishnah.springrestdemo.SpringRestDemoApplication {main} No active profile set, falling back to 1 default profile: "default"
2024-08-09 02:15:50,240 [INFO] org.springframework.data.repository.config.RepositoryConfigurationDelegate {main} Bootstrapping Spring Data JPA repositories in DEFAULT mode.
2024-08-09 02:15:50,286 [INFO] org.springframework.data.repository.config.RepositoryConfigurationDelegate {main} Finished Spring Data repository scanning in 41 ms. Found 3 JPA repository interfaces.
2024-08-09 02:15:50,845 [INFO] org.springframework.boot.web.embedded.tomcat.TomcatWebServer {main} Tomcat initialized with port 8080 (http)
2024-08-09 02:15:50,853 [INFO] org.apache.catalina.core.StandardService {main} Starting service [Tomcat]
2024-08-09 02:15:50,853 [INFO] org.apache.catalina.core.StandardEngine {main} Starting Servlet engine: [Apache Tomcat/10.1.26]
2024-08-09 02:15:50,887 [INFO] org.apache.catalina.core.ContainerBase.[Tomcat].[localhost].[/] {main} Initializing Spring embedded WebApplicationContext
2024-08-09 02:15:50,888 [INFO] org.springframework.boot.web.servlet.context.ServletWebServerApplicationContext {main} Root WebApplicationContext: initialization completed in 1475 ms
2024-08-09 02:15:50,988 [INFO] com.zaxxer.hikari.HikariDataSource {main} HikariPool-1 - Starting...
2024-08-09 02:15:51,155 [INFO] com.zaxxer.hikari.pool.HikariPool {main} HikariPool-1 - Added connection conn0: url=jdbc:h2:file:./db/blogdb user=ADMIN
2024-08-09 02:15:51,157 [INFO] com.zaxxer.hikari.HikariDataSource {main} HikariPool-1 - Start completed.
2024-08-09 02:15:51,165 [INFO] org.springframework.boot.autoconfigure.h2.H2ConsoleAutoConfiguration {main} H2 console available at '/db-console'. Database available at 'jdbc:h2:file:./db/blogdb'
2024-08-09 02:15:51,332 [INFO] org.hibernate.jpa.internal.util.LogHelper {main} HHH000204: Processing PersistenceUnitInfo [name: default]
2024-08-09 02:15:51,373 [INFO] org.hibernate.Version {main} HHH000412: Hibernate ORM core version 6.5.2.Final
2024-08-09 02:15:51,398 [INFO] org.hibernate.cache.internal.RegionFactoryInitiator {main} HHH000026: Second-level cache disabled
2024-08-09 02:15:51,609 [INFO] org.springframework.orm.jpa.persistenceunit.SpringPersistenceUnitInfo {main} No LoadTimeWeaver setup: ignoring JPA class transformer
2024-08-09 02:15:52,355 [INFO] org.hibernate.engine.transaction.jta.platform.internal.JtaPlatformInitiator {main} HHH000489: No JTA platform available (set 'hibernate.transaction.jta.platform' to enable JTA platform integration)
2024-08-09 02:15:52,394 [INFO] org.springframework.orm.jpa.LocalContainerEntityManagerFactoryBean {main} Initialized JPA EntityManagerFactory for persistence unit 'default'
2024-08-09 02:15:53,055 [INFO] org.springframework.security.config.annotation.authentication.configuration.InitializeUserDetailsBeanManagerConfigurer$InitializeUserDetailsManagerConfigurer {main} Global AuthenticationManager configured with UserDetailsService bean with name accountService
2024-08-09 02:15:53,454 [INFO] org.springframework.boot.actuate.endpoint.web.EndpointLinksResolver {main} Exposing 1 endpoint beneath base path '/actuator'
2024-08-09 02:15:54,016 [INFO] org.springframework.boot.web.embedded.tomcat.TomcatWebServer {main} Tomcat started on port 8080 (http) with context path '/'
2024-08-09 02:15:54,028 [INFO] com.bishnah.springrestdemo.SpringRestDemoApplication {main} Started SpringRestDemoApplication in 4.997 seconds (process running for 5.467)
2024-08-09 02:15:54,479 [INFO] org.apache.catalina.core.ContainerBase.[Tomcat].[localhost].[/] {RMI TCP Connection(2)-192.168.253.100} Initializing Spring DispatcherServlet 'dispatcherServlet'
2024-08-09 02:15:54,479 [INFO] org.springframework.web.servlet.DispatcherServlet {RMI TCP Connection(2)-192.168.253.100} Initializing Servlet 'dispatcherServlet'
2024-08-09 02:15:54,481 [INFO] org.springframework.web.servlet.DispatcherServlet {RMI TCP Connection(2)-192.168.253.100} Completed initialization in 2 ms
2024-08-09 02:16:03,881 [INFO] org.springdoc.api.AbstractOpenApiResource {http-nio-8080-exec-9} Init duration for springdoc-openapi is: 296 ms
2024-08-09 02:17:31,662 [INFO] org.springframework.orm.jpa.LocalContainerEntityManagerFactoryBean {SpringApplicationShutdownHook} Closing JPA EntityManagerFactory for persistence unit 'default'
2024-08-09 02:17:31,666 [INFO] com.zaxxer.hikari.HikariDataSource {SpringApplicationShutdownHook} HikariPool-1 - Shutdown initiated...
2024-08-09 02:17:31,670 [INFO] com.zaxxer.hikari.HikariDataSource {SpringApplicationShutdownHook} HikariPool-1 - Shutdown completed.
2024-08-09 02:17:45,599 [INFO] com.bishnah.springrestdemo.SpringRestDemoApplication {main} Starting SpringRestDemoApplication using Java 22.0.2 with PID 75161 (/home/keshavjrall/Spring Boot/SpringRestDemo/target/classes started by keshavjrall in /home/keshavjrall/Spring Boot/SpringRestDemo)
2024-08-09 02:17:45,600 [DEBUG] com.bishnah.springrestdemo.SpringRestDemoApplication {main} Running with Spring Boot v3.3.2, Spring v6.1.11
2024-08-09 02:17:45,601 [INFO] com.bishnah.springrestdemo.SpringRestDemoApplication {main} No active profile set, falling back to 1 default profile: "default"
2024-08-09 02:17:46,443 [INFO] org.springframework.data.repository.config.RepositoryConfigurationDelegate {main} Bootstrapping Spring Data JPA repositories in DEFAULT mode.
2024-08-09 02:17:46,488 [INFO] org.springframework.data.repository.config.RepositoryConfigurationDelegate {main} Finished Spring Data repository scanning in 39 ms. Found 3 JPA repository interfaces.
2024-08-09 02:17:47,043 [INFO] org.springframework.boot.web.embedded.tomcat.TomcatWebServer {main} Tomcat initialized with port 8080 (http)
2024-08-09 02:17:47,053 [INFO] org.apache.catalina.core.StandardService {main} Starting service [Tomcat]
2024-08-09 02:17:47,054 [INFO] org.apache.catalina.core.StandardEngine {main} Starting Servlet engine: [Apache Tomcat/10.1.26]
2024-08-09 02:17:47,089 [INFO] org.apache.catalina.core.ContainerBase.[Tomcat].[localhost].[/] {main} Initializing Spring embedded WebApplicationContext
2024-08-09 02:17:47,089 [INFO] org.springframework.boot.web.servlet.context.ServletWebServerApplicationContext {main} Root WebApplicationContext: initialization completed in 1447 ms
2024-08-09 02:17:47,205 [INFO] com.zaxxer.hikari.HikariDataSource {main} HikariPool-1 - Starting...
2024-08-09 02:17:47,407 [INFO] com.zaxxer.hikari.pool.HikariPool {main} HikariPool-1 - Added connection conn0: url=jdbc:h2:file:./db/blogdb user=ADMIN
2024-08-09 02:17:47,408 [INFO] com.zaxxer.hikari.HikariDataSource {main} HikariPool-1 - Start completed.
2024-08-09 02:17:47,417 [INFO] org.springframework.boot.autoconfigure.h2.H2ConsoleAutoConfiguration {main} H2 console available at '/db-console'. Database available at 'jdbc:h2:file:./db/blogdb'
2024-08-09 02:17:47,569 [INFO] org.hibernate.jpa.internal.util.LogHelper {main} HHH000204: Processing PersistenceUnitInfo [name: default]
2024-08-09 02:17:47,607 [INFO] org.hibernate.Version {main} HHH000412: Hibernate ORM core version 6.5.2.Final
2024-08-09 02:17:47,639 [INFO] org.hibernate.cache.internal.RegionFactoryInitiator {main} HHH000026: Second-level cache disabled
2024-08-09 02:17:47,856 [INFO] org.springframework.orm.jpa.persistenceunit.SpringPersistenceUnitInfo {main} No LoadTimeWeaver setup: ignoring JPA class transformer
2024-08-09 02:17:48,569 [INFO] org.hibernate.engine.transaction.jta.platform.internal.JtaPlatformInitiator {main} HHH000489: No JTA platform available (set 'hibernate.transaction.jta.platform' to enable JTA platform integration)
2024-08-09 02:17:48,617 [INFO] org.springframework.orm.jpa.LocalContainerEntityManagerFactoryBean {main} Initialized JPA EntityManagerFactory for persistence unit 'default'
2024-08-09 02:17:49,284 [INFO] org.springframework.security.config.annotation.authentication.configuration.InitializeUserDetailsBeanManagerConfigurer$InitializeUserDetailsManagerConfigurer {main} Global AuthenticationManager configured with UserDetailsService bean with name accountService
2024-08-09 02:17:49,669 [INFO] org.springframework.boot.actuate.endpoint.web.EndpointLinksResolver {main} Exposing 1 endpoint beneath base path '/actuator'
2024-08-09 02:17:50,199 [INFO] org.springframework.boot.web.embedded.tomcat.TomcatWebServer {main} Tomcat started on port 8080 (http) with context path '/'
2024-08-09 02:17:50,211 [INFO] com.bishnah.springrestdemo.SpringRestDemoApplication {main} Started SpringRestDemoApplication in 4.931 seconds (process running for 5.356)
2024-08-09 02:17:50,731 [INFO] org.apache.catalina.core.ContainerBase.[Tomcat].[localhost].[/] {RMI TCP Connection(3)-192.168.253.100} Initializing Spring DispatcherServlet 'dispatcherServlet'
2024-08-09 02:17:50,732 [INFO] org.springframework.web.servlet.DispatcherServlet {RMI TCP Connection(3)-192.168.253.100} Initializing Servlet 'dispatcherServlet'
2024-08-09 02:17:50,736 [INFO] org.springframework.web.servlet.DispatcherServlet {RMI TCP Connection(3)-192.168.253.100} Completed initialization in 3 ms
2024-08-09 02:18:04,181 [INFO] org.springdoc.api.AbstractOpenApiResource {http-nio-8080-exec-2} Init duration for springdoc-openapi is: 273 ms
2024-08-09 02:28:16,601 [INFO] org.springframework.orm.jpa.LocalContainerEntityManagerFactoryBean {SpringApplicationShutdownHook} Closing JPA EntityManagerFactory for persistence unit 'default'
2024-08-09 02:28:16,606 [INFO] com.zaxxer.hikari.HikariDataSource {SpringApplicationShutdownHook} HikariPool-1 - Shutdown initiated...
2024-08-09 02:28:16,616 [INFO] com.zaxxer.hikari.HikariDataSource {SpringApplicationShutdownHook} HikariPool-1 - Shutdown completed.
2024-08-09 02:28:20,749 [INFO] com.bishnah.springrestdemo.SpringRestDemoApplication {main} Starting SpringRestDemoApplication using Java 22.0.2 with PID 77292 (/home/keshavjrall/Spring Boot/SpringRestDemo/target/classes started by keshavjrall in /home/keshavjrall/Spring Boot/SpringRestDemo)
2024-08-09 02:28:20,750 [DEBUG] com.bishnah.springrestdemo.SpringRestDemoApplication {main} Running with Spring Boot v3.3.2, Spring v6.1.11
2024-08-09 02:28:20,751 [INFO] com.bishnah.springrestdemo.SpringRestDemoApplication {main} No active profile set, falling back to 1 default profile: "default"
2024-08-09 02:28:21,790 [INFO] org.springframework.data.repository.config.RepositoryConfigurationDelegate {main} Bootstrapping Spring Data JPA repositories in DEFAULT mode.
2024-08-09 02:28:21,838 [INFO] org.springframework.data.repository.config.RepositoryConfigurationDelegate {main} Finished Spring Data repository scanning in 42 ms. Found 3 JPA repository interfaces.
2024-08-09 02:28:22,463 [INFO] org.springframework.boot.web.embedded.tomcat.TomcatWebServer {main} Tomcat initialized with port 8080 (http)
2024-08-09 02:28:22,472 [INFO] org.apache.catalina.core.StandardService {main} Starting service [Tomcat]
2024-08-09 02:28:22,472 [INFO] org.apache.catalina.core.StandardEngine {main} Starting Servlet engine: [Apache Tomcat/10.1.26]
2024-08-09 02:28:22,514 [INFO] org.apache.catalina.core.ContainerBase.[Tomcat].[localhost].[/] {main} Initializing Spring embedded WebApplicationContext
2024-08-09 02:28:22,515 [INFO] org.springframework.boot.web.servlet.context.ServletWebServerApplicationContext {main} Root WebApplicationContext: initialization completed in 1701 ms
2024-08-09 02:28:22,641 [INFO] com.zaxxer.hikari.HikariDataSource {main} HikariPool-1 - Starting...
2024-08-09 02:28:22,860 [INFO] com.zaxxer.hikari.pool.HikariPool {main} HikariPool-1 - Added connection conn0: url=jdbc:h2:file:./db/blogdb user=ADMIN
2024-08-09 02:28:22,861 [INFO] com.zaxxer.hikari.HikariDataSource {main} HikariPool-1 - Start completed.
2024-08-09 02:28:22,871 [INFO] org.springframework.boot.autoconfigure.h2.H2ConsoleAutoConfiguration {main} H2 console available at '/db-console'. Database available at 'jdbc:h2:file:./db/blogdb'
2024-08-09 02:28:23,044 [INFO] org.hibernate.jpa.internal.util.LogHelper {main} HHH000204: Processing PersistenceUnitInfo [name: default]
2024-08-09 02:28:23,089 [INFO] org.hibernate.Version {main} HHH000412: Hibernate ORM core version 6.5.2.Final
2024-08-09 02:28:23,116 [INFO] org.hibernate.cache.internal.RegionFactoryInitiator {main} HHH000026: Second-level cache disabled
2024-08-09 02:28:23,354 [INFO] org.springframework.orm.jpa.persistenceunit.SpringPersistenceUnitInfo {main} No LoadTimeWeaver setup: ignoring JPA class transformer
2024-08-09 02:28:24,162 [INFO] org.hibernate.engine.transaction.jta.platform.internal.JtaPlatformInitiator {main} HHH000489: No JTA platform available (set 'hibernate.transaction.jta.platform' to enable JTA platform integration)
2024-08-09 02:28:24,220 [INFO] org.springframework.orm.jpa.LocalContainerEntityManagerFactoryBean {main} Initialized JPA EntityManagerFactory for persistence unit 'default'
2024-08-09 02:28:25,239 [INFO] org.springframework.security.config.annotation.authentication.configuration.InitializeUserDetailsBeanManagerConfigurer$InitializeUserDetailsManagerConfigurer {main} Global AuthenticationManager configured with UserDetailsService bean with name accountService
2024-08-09 02:28:25,663 [INFO] org.springframework.boot.actuate.endpoint.web.EndpointLinksResolver {main} Exposing 1 endpoint beneath base path '/actuator'
2024-08-09 02:28:26,310 [INFO] org.springframework.boot.web.embedded.tomcat.TomcatWebServer {main} Tomcat started on port 8080 (http) with context path '/'
2024-08-09 02:28:26,323 [INFO] com.bishnah.springrestdemo.SpringRestDemoApplication {main} Started SpringRestDemoApplication in 5.983 seconds (process running for 6.509)
2024-08-09 02:28:26,794 [INFO] org.apache.catalina.core.ContainerBase.[Tomcat].[localhost].[/] {RMI TCP Connection(1)-192.168.253.100} Initializing Spring DispatcherServlet 'dispatcherServlet'
2024-08-09 02:28:26,795 [INFO] org.springframework.web.servlet.DispatcherServlet {RMI TCP Connection(1)-192.168.253.100} Initializing Servlet 'dispatcherServlet'
2024-08-09 02:28:26,800 [INFO] org.springframework.web.servlet.DispatcherServlet {RMI TCP Connection(1)-192.168.253.100} Completed initialization in 4 ms
2024-08-09 02:28:32,632 [INFO] org.springdoc.api.AbstractOpenApiResource {http-nio-8080-exec-10} Init duration for springdoc-openapi is: 326 ms
2024-08-09 02:30:08,941 [INFO] org.springframework.orm.jpa.LocalContainerEntityManagerFactoryBean {SpringApplicationShutdownHook} Closing JPA EntityManagerFactory for persistence unit 'default'
2024-08-09 02:30:08,945 [INFO] com.zaxxer.hikari.HikariDataSource {SpringApplicationShutdownHook} HikariPool-1 - Shutdown initiated...
2024-08-09 02:30:08,951 [INFO] com.zaxxer.hikari.HikariDataSource {SpringApplicationShutdownHook} HikariPool-1 - Shutdown completed.
2024-08-09 02:30:12,675 [INFO] com.bishnah.springrestdemo.SpringRestDemoApplication {main} Starting SpringRestDemoApplication using Java 22.0.2 with PID 77574 (/home/keshavjrall/Spring Boot/SpringRestDemo/target/classes started by keshavjrall in /home/keshavjrall/Spring Boot/SpringRestDemo)
2024-08-09 02:30:12,676 [DEBUG] com.bishnah.springrestdemo.SpringRestDemoApplication {main} Running with Spring Boot v3.3.2, Spring v6.1.11
2024-08-09 02:30:12,677 [INFO] com.bishnah.springrestdemo.SpringRestDemoApplication {main} No active profile set, falling back to 1 default profile: "default"
2024-08-09 02:30:13,520 [INFO] org.springframework.data.repository.config.RepositoryConfigurationDelegate {main} Bootstrapping Spring Data JPA repositories in DEFAULT mode.
2024-08-09 02:30:13,564 [INFO] org.springframework.data.repository.config.RepositoryConfigurationDelegate {main} Finished Spring Data repository scanning in 38 ms. Found 3 JPA repository interfaces.
2024-08-09 02:30:14,103 [INFO] org.springframework.boot.web.embedded.tomcat.TomcatWebServer {main} Tomcat initialized with port 8080 (http)
2024-08-09 02:30:14,114 [INFO] org.apache.catalina.core.StandardService {main} Starting service [Tomcat]
2024-08-09 02:30:14,114 [INFO] org.apache.catalina.core.StandardEngine {main} Starting Servlet engine: [Apache Tomcat/10.1.26]
2024-08-09 02:30:14,147 [INFO] org.apache.catalina.core.ContainerBase.[Tomcat].[localhost].[/] {main} Initializing Spring embedded WebApplicationContext
2024-08-09 02:30:14,148 [INFO] org.springframework.boot.web.servlet.context.ServletWebServerApplicationContext {main} Root WebApplicationContext: initialization completed in 1427 ms
2024-08-09 02:30:14,244 [INFO] com.zaxxer.hikari.HikariDataSource {main} HikariPool-1 - Starting...
2024-08-09 02:30:14,415 [INFO] com.zaxxer.hikari.pool.HikariPool {main} HikariPool-1 - Added connection conn0: url=jdbc:h2:file:./db/blogdb user=ADMIN
2024-08-09 02:30:14,417 [INFO] com.zaxxer.hikari.HikariDataSource {main} HikariPool-1 - Start completed.
2024-08-09 02:30:14,425 [INFO] org.springframework.boot.autoconfigure.h2.H2ConsoleAutoConfiguration {main} H2 console available at '/db-console'. Database available at 'jdbc:h2:file:./db/blogdb'
2024-08-09 02:30:14,577 [INFO] org.hibernate.jpa.internal.util.LogHelper {main} HHH000204: Processing PersistenceUnitInfo [name: default]
2024-08-09 02:30:14,615 [INFO] org.hibernate.Version {main} HHH000412: Hibernate ORM core version 6.5.2.Final
2024-08-09 02:30:14,644 [INFO] org.hibernate.cache.internal.RegionFactoryInitiator {main} HHH000026: Second-level cache disabled
2024-08-09 02:30:14,958 [INFO] org.springframework.orm.jpa.persistenceunit.SpringPersistenceUnitInfo {main} No LoadTimeWeaver setup: ignoring JPA class transformer
2024-08-09 02:30:15,842 [INFO] org.hibernate.engine.transaction.jta.platform.internal.JtaPlatformInitiator {main} HHH000489: No JTA platform available (set 'hibernate.transaction.jta.platform' to enable JTA platform integration)
2024-08-09 02:30:15,883 [INFO] org.springframework.orm.jpa.LocalContainerEntityManagerFactoryBean {main} Initialized JPA EntityManagerFactory for persistence unit 'default'
2024-08-09 02:30:17,254 [INFO] org.springframework.security.config.annotation.authentication.configuration.InitializeUserDetailsBeanManagerConfigurer$InitializeUserDetailsManagerConfigurer {main} Global AuthenticationManager configured with UserDetailsService bean with name accountService
2024-08-09 02:30:17,683 [INFO] org.springframework.boot.actuate.endpoint.web.EndpointLinksResolver {main} Exposing 1 endpoint beneath base path '/actuator'
2024-08-09 02:30:18,284 [INFO] org.springframework.boot.web.embedded.tomcat.TomcatWebServer {main} Tomcat started on port 8080 (http) with context path '/'
2024-08-09 02:30:18,296 [INFO] com.bishnah.springrestdemo.SpringRestDemoApplication {main} Started SpringRestDemoApplication in 5.932 seconds (process running for 6.383)
2024-08-09 02:30:18,875 [INFO] org.apache.catalina.core.ContainerBase.[Tomcat].[localhost].[/] {RMI TCP Connection(2)-192.168.253.100} Initializing Spring DispatcherServlet 'dispatcherServlet'
2024-08-09 02:30:18,876 [INFO] org.springframework.web.servlet.DispatcherServlet {RMI TCP Connection(2)-192.168.253.100} Initializing Servlet 'dispatcherServlet'
2024-08-09 02:30:18,878 [INFO] org.springframework.web.servlet.DispatcherServlet {RMI TCP Connection(2)-192.168.253.100} Completed initialization in 1 ms
2024-08-09 02:30:21,985 [INFO] org.springdoc.api.AbstractOpenApiResource {http-nio-8080-exec-8} Init duration for springdoc-openapi is: 286 ms
2024-08-09 02:31:28,016 [WARN] org.springframework.web.servlet.mvc.support.DefaultHandlerExceptionResolver {http-nio-8080-exec-7} Resolved [org.springframework.web.HttpMediaTypeNotSupportedException: Content-Type is not supported]
2024-08-09 02:31:59,067 [INFO] org.springframework.orm.jpa.LocalContainerEntityManagerFactoryBean {SpringApplicationShutdownHook} Closing JPA EntityManagerFactory for persistence unit 'default'
2024-08-09 02:31:59,072 [INFO] com.zaxxer.hikari.HikariDataSource {SpringApplicationShutdownHook} HikariPool-1 - Shutdown initiated...
2024-08-09 02:31:59,076 [INFO] com.zaxxer.hikari.HikariDataSource {SpringApplicationShutdownHook} HikariPool-1 - Shutdown completed.
2024-08-09 02:32:01,019 [INFO] com.bishnah.springrestdemo.SpringRestDemoApplication {main} Starting SpringRestDemoApplication using Java 22.0.2 with PID 78085 (/home/keshavjrall/Spring Boot/SpringRestDemo/target/classes started by keshavjrall in /home/keshavjrall/Spring Boot/SpringRestDemo)
2024-08-09 02:32:01,020 [DEBUG] com.bishnah.springrestdemo.SpringRestDemoApplication {main} Running with Spring Boot v3.3.2, Spring v6.1.11
2024-08-09 02:32:01,021 [INFO] com.bishnah.springrestdemo.SpringRestDemoApplication {main} No active profile set, falling back to 1 default profile: "default"
2024-08-09 02:32:01,910 [INFO] org.springframework.data.repository.config.RepositoryConfigurationDelegate {main} Bootstrapping Spring Data JPA repositories in DEFAULT mode.
2024-08-09 02:32:02,000 [INFO] org.springframework.data.repository.config.RepositoryConfigurationDelegate {main} Finished Spring Data repository scanning in 76 ms. Found 3 JPA repository interfaces.
2024-08-09 02:32:02,802 [INFO] org.springframework.boot.web.embedded.tomcat.TomcatWebServer {main} Tomcat initialized with port 8080 (http)
2024-08-09 02:32:02,811 [INFO] org.apache.catalina.core.StandardService {main} Starting service [Tomcat]
2024-08-09 02:32:02,812 [INFO] org.apache.catalina.core.StandardEngine {main} Starting Servlet engine: [Apache Tomcat/10.1.26]
2024-08-09 02:32:02,847 [INFO] org.apache.catalina.core.ContainerBase.[Tomcat].[localhost].[/] {main} Initializing Spring embedded WebApplicationContext
2024-08-09 02:32:02,847 [INFO] org.springframework.boot.web.servlet.context.ServletWebServerApplicationContext {main} Root WebApplicationContext: initialization completed in 1782 ms
2024-08-09 02:32:02,966 [INFO] com.zaxxer.hikari.HikariDataSource {main} HikariPool-1 - Starting...
2024-08-09 02:32:03,149 [INFO] com.zaxxer.hikari.pool.HikariPool {main} HikariPool-1 - Added connection conn0: url=jdbc:h2:file:./db/blogdb user=ADMIN
2024-08-09 02:32:03,151 [INFO] com.zaxxer.hikari.HikariDataSource {main} HikariPool-1 - Start completed.
2024-08-09 02:32:03,159 [INFO] org.springframework.boot.autoconfigure.h2.H2ConsoleAutoConfiguration {main} H2 console available at '/db-console'. Database available at 'jdbc:h2:file:./db/blogdb'
2024-08-09 02:32:03,302 [INFO] org.hibernate.jpa.internal.util.LogHelper {main} HHH000204: Processing PersistenceUnitInfo [name: default]
2024-08-09 02:32:03,338 [INFO] org.hibernate.Version {main} HHH000412: Hibernate ORM core version 6.5.2.Final
2024-08-09 02:32:03,363 [INFO] org.hibernate.cache.internal.RegionFactoryInitiator {main} HHH000026: Second-level cache disabled
2024-08-09 02:32:03,582 [INFO] org.springframework.orm.jpa.persistenceunit.SpringPersistenceUnitInfo {main} No LoadTimeWeaver setup: ignoring JPA class transformer
2024-08-09 02:32:04,584 [INFO] org.hibernate.engine.transaction.jta.platform.internal.JtaPlatformInitiator {main} HHH000489: No JTA platform available (set 'hibernate.transaction.jta.platform' to enable JTA platform integration)
2024-08-09 02:32:04,622 [INFO] org.springframework.orm.jpa.LocalContainerEntityManagerFactoryBean {main} Initialized JPA EntityManagerFactory for persistence unit 'default'
2024-08-09 02:32:05,269 [INFO] org.springframework.security.config.annotation.authentication.configuration.InitializeUserDetailsBeanManagerConfigurer$InitializeUserDetailsManagerConfigurer {main} Global AuthenticationManager configured with UserDetailsService bean with name accountService
2024-08-09 02:32:05,638 [INFO] org.springframework.boot.actuate.endpoint.web.EndpointLinksResolver {main} Exposing 1 endpoint beneath base path '/actuator'
2024-08-09 02:32:06,194 [INFO] org.springframework.boot.web.embedded.tomcat.TomcatWebServer {main} Tomcat started on port 8080 (http) with context path '/'
2024-08-09 02:32:06,206 [INFO] com.bishnah.springrestdemo.SpringRestDemoApplication {main} Started SpringRestDemoApplication in 5.518 seconds (process running for 6.024)
2024-08-09 02:32:06,566 [INFO] org.apache.catalina.core.ContainerBase.[Tomcat].[localhost].[/] {RMI TCP Connection(2)-192.168.253.100} Initializing Spring DispatcherServlet 'dispatcherServlet'
2024-08-09 02:32:06,567 [INFO] org.springframework.web.servlet.DispatcherServlet {RMI TCP Connection(2)-192.168.253.100} Initializing Servlet 'dispatcherServlet'
2024-08-09 02:32:06,570 [INFO] org.springframework.web.servlet.DispatcherServlet {RMI TCP Connection(2)-192.168.253.100} Completed initialization in 3 ms
2024-08-09 02:32:10,618 [INFO] org.springdoc.api.AbstractOpenApiResource {http-nio-8080-exec-8} Init duration for springdoc-openapi is: 277 ms
2024-08-09 02:32:55,872 [WARN] org.springframework.web.servlet.mvc.support.DefaultHandlerExceptionResolver {http-nio-8080-exec-3} Resolved [org.springframework.web.HttpMediaTypeNotSupportedException: Content-Type is not supported]
2024-08-09 02:33:52,698 [INFO] org.springframework.orm.jpa.LocalContainerEntityManagerFactoryBean {SpringApplicationShutdownHook} Closing JPA EntityManagerFactory for persistence unit 'default'
2024-08-09 02:33:52,702 [INFO] com.zaxxer.hikari.HikariDataSource {SpringApplicationShutdownHook} HikariPool-1 - Shutdown initiated...
2024-08-09 02:33:52,708 [INFO] com.zaxxer.hikari.HikariDataSource {SpringApplicationShutdownHook} HikariPool-1 - Shutdown completed.
2024-08-09 02:33:56,748 [INFO] com.bishnah.springrestdemo.SpringRestDemoApplication {main} Starting SpringRestDemoApplication using Java 22.0.2 with PID 78525 (/home/keshavjrall/Spring Boot/SpringRestDemo/target/classes started by keshavjrall in /home/keshavjrall/Spring Boot/SpringRestDemo)
2024-08-09 02:33:56,749 [DEBUG] com.bishnah.springrestdemo.SpringRestDemoApplication {main} Running with Spring Boot v3.3.2, Spring v6.1.11
2024-08-09 02:33:56,749 [INFO] com.bishnah.springrestdemo.SpringRestDemoApplication {main} No active profile set, falling back to 1 default profile: "default"
2024-08-09 02:33:57,639 [INFO] org.springframework.data.repository.config.RepositoryConfigurationDelegate {main} Bootstrapping Spring Data JPA repositories in DEFAULT mode.
2024-08-09 02:33:57,719 [INFO] org.springframework.data.repository.config.RepositoryConfigurationDelegate {main} Finished Spring Data repository scanning in 68 ms. Found 3 JPA repository interfaces.
2024-08-09 02:33:58,761 [INFO] org.springframework.boot.web.embedded.tomcat.TomcatWebServer {main} Tomcat initialized with port 8080 (http)
2024-08-09 02:33:58,775 [INFO] org.apache.catalina.core.StandardService {main} Starting service [Tomcat]
2024-08-09 02:33:58,776 [INFO] org.apache.catalina.core.StandardEngine {main} Starting Servlet engine: [Apache Tomcat/10.1.26]
2024-08-09 02:33:58,818 [INFO] org.apache.catalina.core.ContainerBase.[Tomcat].[localhost].[/] {main} Initializing Spring embedded WebApplicationContext
2024-08-09 02:33:58,818 [INFO] org.springframework.boot.web.servlet.context.ServletWebServerApplicationContext {main} Root WebApplicationContext: initialization completed in 2028 ms
2024-08-09 02:33:58,942 [INFO] com.zaxxer.hikari.HikariDataSource {main} HikariPool-1 - Starting...
2024-08-09 02:33:59,120 [INFO] com.zaxxer.hikari.pool.HikariPool {main} HikariPool-1 - Added connection conn0: url=jdbc:h2:file:./db/blogdb user=ADMIN
2024-08-09 02:33:59,121 [INFO] com.zaxxer.hikari.HikariDataSource {main} HikariPool-1 - Start completed.
2024-08-09 02:33:59,130 [INFO] org.springframework.boot.autoconfigure.h2.H2ConsoleAutoConfiguration {main} H2 console available at '/db-console'. Database available at 'jdbc:h2:file:./db/blogdb'
2024-08-09 02:33:59,267 [INFO] org.hibernate.jpa.internal.util.LogHelper {main} HHH000204: Processing PersistenceUnitInfo [name: default]
2024-08-09 02:33:59,310 [INFO] org.hibernate.Version {main} HHH000412: Hibernate ORM core version 6.5.2.Final
2024-08-09 02:33:59,334 [INFO] org.hibernate.cache.internal.RegionFactoryInitiator {main} HHH000026: Second-level cache disabled
2024-08-09 02:33:59,538 [INFO] org.springframework.orm.jpa.persistenceunit.SpringPersistenceUnitInfo {main} No LoadTimeWeaver setup: ignoring JPA class transformer
2024-08-09 02:34:00,249 [INFO] org.hibernate.engine.transaction.jta.platform.internal.JtaPlatformInitiator {main} HHH000489: No JTA platform available (set 'hibernate.transaction.jta.platform' to enable JTA platform integration)
2024-08-09 02:34:00,286 [INFO] org.springframework.orm.jpa.LocalContainerEntityManagerFactoryBean {main} Initialized JPA EntityManagerFactory for persistence unit 'default'
2024-08-09 02:34:01,809 [INFO] org.springframework.security.config.annotation.authentication.configuration.InitializeUserDetailsBeanManagerConfigurer$InitializeUserDetailsManagerConfigurer {main} Global AuthenticationManager configured with UserDetailsService bean with name accountService
2024-08-09 02:34:02,166 [INFO] org.springframework.boot.actuate.endpoint.web.EndpointLinksResolver {main} Exposing 1 endpoint beneath base path '/actuator'
2024-08-09 02:34:02,704 [INFO] org.springframework.boot.web.embedded.tomcat.TomcatWebServer {main} Tomcat started on port 8080 (http) with context path '/'
2024-08-09 02:34:02,716 [INFO] com.bishnah.springrestdemo.SpringRestDemoApplication {main} Started SpringRestDemoApplication in 6.273 seconds (process running for 6.734)
2024-08-09 02:34:03,417 [INFO] org.apache.catalina.core.ContainerBase.[Tomcat].[localhost].[/] {RMI TCP Connection(3)-192.168.253.100} Initializing Spring DispatcherServlet 'dispatcherServlet'
2024-08-09 02:34:03,418 [INFO] org.springframework.web.servlet.DispatcherServlet {RMI TCP Connection(3)-192.168.253.100} Initializing Servlet 'dispatcherServlet'
2024-08-09 02:34:03,420 [INFO] org.springframework.web.servlet.DispatcherServlet {RMI TCP Connection(3)-192.168.253.100} Completed initialization in 2 ms
2024-08-09 02:34:07,525 [INFO] org.springdoc.api.AbstractOpenApiResource {http-nio-8080-exec-3} Init duration for springdoc-openapi is: 274 ms
2024-08-09 02:36:11,305 [INFO] org.springframework.orm.jpa.LocalContainerEntityManagerFactoryBean {SpringApplicationShutdownHook} Closing JPA EntityManagerFactory for persistence unit 'default'
2024-08-09 02:36:11,310 [INFO] com.zaxxer.hikari.HikariDataSource {SpringApplicationShutdownHook} HikariPool-1 - Shutdown initiated...
2024-08-09 02:36:11,317 [INFO] com.zaxxer.hikari.HikariDataSource {SpringApplicationShutdownHook} HikariPool-1 - Shutdown completed.
